<?xml version="1.0" encoding="UTF-8"?>
<!-- Generated by org.testng.reporters.JUnitReportReporter -->
<testsuite hostname="DESKTOP-SFQQR9U" failures="0" tests="1" name="runner.Login_RunnerClass" time="0.219" errors="0" timestamp="2024-07-08T10:43:03 IST" skipped="0">
  <testcase classname="runner.Login_RunnerClass" name="runScenario" time="0.219"/>
  <system-out/>
</testsuite> <!-- runner.Login_RunnerClass -->
