<?xml version="1.0" encoding="UTF-8"?>
<!-- Generated by org.testng.reporters.JUnitReportReporter -->
<testsuite hostname="DESKTOP-SFQQR9U" failures="0" tests="1" name="runner.Login_RunnerClass" time="1.199" errors="0" timestamp="2024-07-03T21:41:25 IST" skipped="0">
  <testcase classname="runner.Login_RunnerClass" name="runScenario" time="1.199"/>
  <system-out/>
</testsuite> <!-- runner.Login_RunnerClass -->
